<?xml version="1.0" encoding="UTF-8" ?>
<testsuite tests="1" failures="0" name="ValidacaoRunnerTest" time="0.025" errors="1" skipped="0">
  <properties>
[...]
</properties>
  <testcase classname="ValidacaoRunnerTest" name="initializationError" time="0.005">
    <error message="Bad tag: &quot;validação&quot;" type="gherkin.TagExpression$BadTagException">gherkin.TagExpression$BadTagException: Bad tag: &quot;validação&quot;
	at gherkin.TagExpression$TagExp.&lt;init&gt;(TagExpression.java:122)
	at gherkin.TagExpression.add(TagExpression.java:57)
	at gherkin.TagExpression.&lt;init&gt;(TagExpression.java:17)
	at gherkin.formatter.TagFilter.&lt;init&gt;(TagFilter.java:14)
	at gherkin.formatter.FilterFormatter.detectFilter(FilterFormatter.java:64)
	at gherkin.formatter.FilterFormatter.&lt;init&gt;(FilterFormatter.java:41)
	at cucumber.runtime.FeatureBuilder.parse(FeatureBuilder.java:116)
	at cucumber.runtime.model.CucumberFeature.load(CucumberFeature.java:52)
	at cucumber.runtime.model.CucumberFeature.load(CucumberFeature.java:33)
	at cucumber.runtime.RuntimeOptions.cucumberFeatures(RuntimeOptions.java:143)
	at cucumber.api.junit.Cucumber.&lt;init&gt;(Cucumber.java:67)
	at sun.reflect.NativeConstructorAccessorImpl.newInstance0(Native Method)
	at sun.reflect.NativeConstructorAccessorImpl.newInstance(Unknown Source)
	at sun.reflect.DelegatingConstructorAccessorImpl.newInstance(Unknown Source)
	at java.lang.reflect.Constructor.newInstance(Unknown Source)
	at org.junit.internal.builders.AnnotatedBuilder.buildRunner(AnnotatedBuilder.java:29)
	at org.junit.internal.builders.AnnotatedBuilder.runnerForClass(AnnotatedBuilder.java:21)
	at org.junit.runners.model.RunnerBuilder.safeRunnerForClass(RunnerBuilder.java:59)
	at org.junit.internal.builders.AllDefaultPossibilitiesBuilder.runnerForClass(AllDefaultPossibilitiesBuilder.java:26)
	at org.junit.runners.model.RunnerBuilder.safeRunnerForClass(RunnerBuilder.java:59)
	at org.junit.internal.requests.ClassRequest.getRunner(ClassRequest.java:26)
	at org.apache.maven.surefire.junit4.JUnit4TestSet.execute(JUnit4TestSet.java:51)
	at org.apache.maven.surefire.junit4.JUnit4Provider.executeTestSet(JUnit4Provider.java:123)
	at org.apache.maven.surefire.junit4.JUnit4Provider.invoke(JUnit4Provider.java:104)
	at sun.reflect.NativeMethodAccessorImpl.invoke0(Native Method)
	at sun.reflect.NativeMethodAccessorImpl.invoke(Unknown Source)
	at sun.reflect.DelegatingMethodAccessorImpl.invoke(Unknown Source)
	at java.lang.reflect.Method.invoke(Unknown Source)
	at org.apache.maven.surefire.util.ReflectionUtils.invokeMethodWithArray(ReflectionUtils.java:164)
	at org.apache.maven.surefire.booter.ProviderFactory$ProviderProxy.invoke(ProviderFactory.java:110)
	at org.apache.maven.surefire.booter.SurefireStarter.invokeProvider(SurefireStarter.java:175)
	at org.apache.maven.surefire.booter.SurefireStarter.runSuitesInProcessWhenForked(SurefireStarter.java:107)
	at org.apache.maven.surefire.booter.ForkedBooter.main(ForkedBooter.java:68)
</error>
    <system-out>
6 Scenarios (&amp;#27;[33m6 pending&amp;#27;[0m)
28 Steps (&amp;#27;[36m22 skipped&amp;#27;[0m, &amp;#27;[33m6 pending&amp;#27;[0m)
0m0,004s

cucumber.api.PendingException: TODO: implement me
	at rtstreinamento.turmajunho.PesquisaProdutoSteps.que_eu_esteja_na_página_de_pesquisa_de_produto(PesquisaProdutoSteps.java:13)
	at ?.Dado que eu esteja na página de pesquisa de produto(rtstreinamento/turmajunho/PesquisaProduto.feature:5)

cucumber.api.PendingException: TODO: implement me
	at rtstreinamento.turmajunho.PesquisaProdutoSteps.que_eu_esteja_na_página_de_pesquisa_de_produto(PesquisaProdutoSteps.java:13)
	at ?.Dado que eu esteja na página de pesquisa de produto(rtstreinamento/turmajunho/PesquisaProduto.feature:5)

cucumber.api.PendingException: TODO: implement me
	at rtstreinamento.turmajunho.PesquisaProdutoSteps.que_eu_esteja_na_página_de_pesquisa_de_produto(PesquisaProdutoSteps.java:13)
	at ?.Dado que eu esteja na página de pesquisa de produto(rtstreinamento/turmajunho/PesquisaProduto.feature:5)

cucumber.api.PendingException: TODO: implement me
	at rtstreinamento.turmajunho.PesquisaProdutoSteps.que_eu_esteja_na_página_de_pesquisa_de_produto(PesquisaProdutoSteps.java:13)
	at ?.Dado que eu esteja na página de pesquisa de produto(rtstreinamento/turmajunho/PesquisaProduto.feature:5)

cucumber.api.PendingException: TODO: implement me
	at rtstreinamento.turmajunho.PesquisaProdutoSteps.que_eu_esteja_na_página_de_pesquisa_de_produto(PesquisaProdutoSteps.java:13)
	at ?.Dado que eu esteja na página de pesquisa de produto(rtstreinamento/turmajunho/PesquisaProduto.feature:5)

cucumber.api.PendingException: TODO: implement me
	at rtstreinamento.turmajunho.PesquisaProdutoSteps.que_eu_esteja_na_página_de_pesquisa_de_produto(PesquisaProdutoSteps.java:13)
	at ?.Dado que eu esteja na página de pesquisa de produto(rtstreinamento/turmajunho/PesquisaProduto.feature:5)

</system-out>
  </testcase>
</testsuite>