<?xml version="1.0" encoding="UTF-8" ?>
<testsuite failures="0" time="36.782" errors="0" skipped="34" tests="44" name="rtstreinamento.turmajunho.ValidacaoRunnerTest">
  <properties>
[...]
</properties>
  <testcase time="0" classname="Cenário: Cadastrar um email valido" name="Dado que o eu esteja na página de newsletter"/>
  <testcase time="0" classname="Cenário: Cadastrar um email valido" name="Quando tento cadastrar o email &quot;joao210620141040@gmail.com&quot; na newsletter"/>
  <testcase time="0" classname="Cenário: Cadastrar um email valido" name="Então visualizo a mensagem &quot;Seu cadastro foi realizado com sucesso em nossa newsletter.&quot;"/>
  <testcase time="0.005" classname="Cenário: Cadastrar um email valido" name="Cenário: Cadastrar um email valido"/>
  <testcase time="0.004" classname="Cenário: Pesquisar produto pelo nome completo" name="Dado que eu esteja na página de pesquisa de produto">
    <skipped/>
  </testcase>
  <testcase time="0.005" classname="Cenário: Pesquisar produto pelo nome completo" name="Dado que o filme &quot;Senhor dos Anéis - As duas Torres&quot; esteja cadastrado">
    <skipped/>
  </testcase>
  <testcase time="0.005" classname="Cenário: Pesquisar produto pelo nome completo" name="Quando pesquiso o filme &quot;Senhor dos Anéis - As duas Torres&quot;">
    <skipped/>
  </testcase>
  <testcase time="0.006" classname="Cenário: Pesquisar produto pelo nome completo" name="Então visualizo que o filme foi pesquisado">
    <skipped/>
  </testcase>
  <testcase time="2.812" classname="Cenário: Pesquisar produto pelo nome completo" name="Cenário: Pesquisar produto pelo nome completo">
    <skipped/>
    <system-err>21/06/2014 14:35:09 org.openqa.selenium.phantomjs.PhantomJSDriverService &lt;init&gt;
INFO: executable: c:\webdrivers\phantomjs.exe
21/06/2014 14:35:09 org.openqa.selenium.phantomjs.PhantomJSDriverService &lt;init&gt;
INFO: port: 44094
21/06/2014 14:35:09 org.openqa.selenium.phantomjs.PhantomJSDriverService &lt;init&gt;
INFO: arguments: [--webdriver=44094, --webdriver-logfile=D:\Desenvolvimento\Workspaces\RTSTreinamento\TurmaJunho\phantomjsdriver.log]
21/06/2014 14:35:09 org.openqa.selenium.phantomjs.PhantomJSDriverService &lt;init&gt;
INFO: environment: {}
PhantomJS is launching GhostDriver...
[INFO  - 2014-06-21T17:35:10.734Z] GhostDriver - Main - running on port 44094
[INFO  - 2014-06-21T17:35:11.044Z] Session [6529ba90-f96a-11e3-94e8-ad19e021da71] - page.settings - {&quot;XSSAuditingEnabled&quot;:false,&quot;javascriptCanCloseWindows&quot;:true,&quot;javascriptCanOpenWindows&quot;:true,&quot;javascriptEnabled&quot;:true,&quot;loadImages&quot;:true,&quot;localToRemoteUrlAccessEnabled&quot;:false,&quot;userAgent&quot;:&quot;Mozilla/5.0 (Windows NT 6.2; WOW64) AppleWebKit/534.34 (KHTML, like Gecko) PhantomJS/1.9.7 Safari/534.34&quot;,&quot;webSecurityEnabled&quot;:true}
[INFO  - 2014-06-21T17:35:11.044Z] Session [6529ba90-f96a-11e3-94e8-ad19e021da71] - page.customHeaders:  - {}
[INFO  - 2014-06-21T17:35:11.044Z] Session [6529ba90-f96a-11e3-94e8-ad19e021da71] - Session.negotiatedCapabilities - {&quot;browserName&quot;:&quot;phantomjs&quot;,&quot;version&quot;:&quot;1.9.7&quot;,&quot;driverName&quot;:&quot;ghostdriver&quot;,&quot;driverVersion&quot;:&quot;1.1.0&quot;,&quot;platform&quot;:&quot;windows-8-32bit&quot;,&quot;javascriptEnabled&quot;:true,&quot;takesScreenshot&quot;:true,&quot;handlesAlerts&quot;:false,&quot;databaseEnabled&quot;:false,&quot;locationContextEnabled&quot;:false,&quot;applicationCacheEnabled&quot;:false,&quot;browserConnectionEnabled&quot;:false,&quot;cssSelectorsEnabled&quot;:true,&quot;webStorageEnabled&quot;:false,&quot;rotatable&quot;:false,&quot;acceptSslCerts&quot;:false,&quot;nativeEvents&quot;:true,&quot;proxy&quot;:{&quot;proxyType&quot;:&quot;direct&quot;}}
[INFO  - 2014-06-21T17:35:11.049Z] SessionManagerReqHand - _postNewSessionCommand - New Session Created: 6529ba90-f96a-11e3-94e8-ad19e021da71
</system-err>
  </testcase>
  <testcase time="2.813" classname="Cenário: Pesquisar produto pelo nome completo" name="Cenário: Pesquisar produto pelo nome completo"/>
  <testcase time="0.003" classname="Cenário: Pesquisar produto indisponível" name="Dado que eu esteja na página de pesquisa de produto">
    <skipped/>
  </testcase>
  <testcase time="0.003" classname="Cenário: Pesquisar produto indisponível" name="Dado que o filme &quot;Thor&quot; esteja cadastrado como indisponível">
    <skipped/>
  </testcase>
  <testcase time="0.004" classname="Cenário: Pesquisar produto indisponível" name="Quando pesquiso o filme &quot;Thor&quot;">
    <skipped/>
  </testcase>
  <testcase time="0.004" classname="Cenário: Pesquisar produto indisponível" name="Então visualizo o filme como indisponivel no resultado da pesquisa">
    <skipped/>
  </testcase>
  <testcase time="2.857" classname="Cenário: Pesquisar produto indisponível" name="Cenário: Pesquisar produto indisponível">
    <skipped/>
    <system-err>21/06/2014 14:35:12 org.openqa.selenium.phantomjs.PhantomJSDriverService &lt;init&gt;
INFO: executable: c:\webdrivers\phantomjs.exe
21/06/2014 14:35:12 org.openqa.selenium.phantomjs.PhantomJSDriverService &lt;init&gt;
INFO: port: 2069
21/06/2014 14:35:12 org.openqa.selenium.phantomjs.PhantomJSDriverService &lt;init&gt;
INFO: arguments: [--webdriver=2069, --webdriver-logfile=D:\Desenvolvimento\Workspaces\RTSTreinamento\TurmaJunho\phantomjsdriver.log]
21/06/2014 14:35:12 org.openqa.selenium.phantomjs.PhantomJSDriverService &lt;init&gt;
INFO: environment: {}
PhantomJS is launching GhostDriver...
[INFO  - 2014-06-21T17:35:13.638Z] GhostDriver - Main - running on port 2069
[INFO  - 2014-06-21T17:35:13.861Z] Session [66d791a0-f96a-11e3-b879-8dd65ca5df70] - page.settings - {&quot;XSSAuditingEnabled&quot;:false,&quot;javascriptCanCloseWindows&quot;:true,&quot;javascriptCanOpenWindows&quot;:true,&quot;javascriptEnabled&quot;:true,&quot;loadImages&quot;:true,&quot;localToRemoteUrlAccessEnabled&quot;:false,&quot;userAgent&quot;:&quot;Mozilla/5.0 (Windows NT 6.2; WOW64) AppleWebKit/534.34 (KHTML, like Gecko) PhantomJS/1.9.7 Safari/534.34&quot;,&quot;webSecurityEnabled&quot;:true}
[INFO  - 2014-06-21T17:35:13.861Z] Session [66d791a0-f96a-11e3-b879-8dd65ca5df70] - page.customHeaders:  - {}
[INFO  - 2014-06-21T17:35:13.861Z] Session [66d791a0-f96a-11e3-b879-8dd65ca5df70] - Session.negotiatedCapabilities - {&quot;browserName&quot;:&quot;phantomjs&quot;,&quot;version&quot;:&quot;1.9.7&quot;,&quot;driverName&quot;:&quot;ghostdriver&quot;,&quot;driverVersion&quot;:&quot;1.1.0&quot;,&quot;platform&quot;:&quot;windows-8-32bit&quot;,&quot;javascriptEnabled&quot;:true,&quot;takesScreenshot&quot;:true,&quot;handlesAlerts&quot;:false,&quot;databaseEnabled&quot;:false,&quot;locationContextEnabled&quot;:false,&quot;applicationCacheEnabled&quot;:false,&quot;browserConnectionEnabled&quot;:false,&quot;cssSelectorsEnabled&quot;:true,&quot;webStorageEnabled&quot;:false,&quot;rotatable&quot;:false,&quot;acceptSslCerts&quot;:false,&quot;nativeEvents&quot;:true,&quot;proxy&quot;:{&quot;proxyType&quot;:&quot;direct&quot;}}
[INFO  - 2014-06-21T17:35:13.868Z] SessionManagerReqHand - _postNewSessionCommand - New Session Created: 66d791a0-f96a-11e3-b879-8dd65ca5df70
</system-err>
  </testcase>
  <testcase time="2.858" classname="Cenário: Pesquisar produto indisponível" name="Cenário: Pesquisar produto indisponível"/>
  <testcase time="0.006" classname="| Senhor | 2 |" name="Dado que eu esteja na página de pesquisa de produto">
    <skipped/>
  </testcase>
  <testcase time="0.006" classname="| Senhor | 2 |" name="Dado que o filme &quot;Senhor dos Anéis - As duas Torres&quot; esteja cadastrado">
    <skipped/>
  </testcase>
  <testcase time="0.006" classname="| Senhor | 2 |" name="E que o filme &quot;Senhor dos Anéis - A sociedade do anel&quot; esteja cadastrado">
    <skipped/>
  </testcase>
  <testcase time="0.007" classname="| Senhor | 2 |" name="Quando pesquiso o filme &quot;Senhor&quot;">
    <skipped/>
  </testcase>
  <testcase time="0.007" classname="| Senhor | 2 |" name="Então visualizo &quot;2&quot; filmes no resultado da pesquisa">
    <skipped/>
  </testcase>
  <testcase time="2.924" classname="| Senhor | 2 |" name="| Senhor | 2 |">
    <skipped/>
    <system-err>21/06/2014 14:35:15 org.openqa.selenium.phantomjs.PhantomJSDriverService &lt;init&gt;
INFO: executable: c:\webdrivers\phantomjs.exe
21/06/2014 14:35:15 org.openqa.selenium.phantomjs.PhantomJSDriverService &lt;init&gt;
INFO: port: 29835
21/06/2014 14:35:15 org.openqa.selenium.phantomjs.PhantomJSDriverService &lt;init&gt;
INFO: arguments: [--webdriver=29835, --webdriver-logfile=D:\Desenvolvimento\Workspaces\RTSTreinamento\TurmaJunho\phantomjsdriver.log]
21/06/2014 14:35:15 org.openqa.selenium.phantomjs.PhantomJSDriverService &lt;init&gt;
INFO: environment: {}
PhantomJS is launching GhostDriver...
[INFO  - 2014-06-21T17:35:16.415Z] GhostDriver - Main - running on port 29835
[INFO  - 2014-06-21T17:35:16.714Z] Session [688ae6f0-f96a-11e3-a119-0f94ad4e7f32] - page.settings - {&quot;XSSAuditingEnabled&quot;:false,&quot;javascriptCanCloseWindows&quot;:true,&quot;javascriptCanOpenWindows&quot;:true,&quot;javascriptEnabled&quot;:true,&quot;loadImages&quot;:true,&quot;localToRemoteUrlAccessEnabled&quot;:false,&quot;userAgent&quot;:&quot;Mozilla/5.0 (Windows NT 6.2; WOW64) AppleWebKit/534.34 (KHTML, like Gecko) PhantomJS/1.9.7 Safari/534.34&quot;,&quot;webSecurityEnabled&quot;:true}
[INFO  - 2014-06-21T17:35:16.714Z] Session [688ae6f0-f96a-11e3-a119-0f94ad4e7f32] - page.customHeaders:  - {}
[INFO  - 2014-06-21T17:35:16.715Z] Session [688ae6f0-f96a-11e3-a119-0f94ad4e7f32] - Session.negotiatedCapabilities - {&quot;browserName&quot;:&quot;phantomjs&quot;,&quot;version&quot;:&quot;1.9.7&quot;,&quot;driverName&quot;:&quot;ghostdriver&quot;,&quot;driverVersion&quot;:&quot;1.1.0&quot;,&quot;platform&quot;:&quot;windows-8-32bit&quot;,&quot;javascriptEnabled&quot;:true,&quot;takesScreenshot&quot;:true,&quot;handlesAlerts&quot;:false,&quot;databaseEnabled&quot;:false,&quot;locationContextEnabled&quot;:false,&quot;applicationCacheEnabled&quot;:false,&quot;browserConnectionEnabled&quot;:false,&quot;cssSelectorsEnabled&quot;:true,&quot;webStorageEnabled&quot;:false,&quot;rotatable&quot;:false,&quot;acceptSslCerts&quot;:false,&quot;nativeEvents&quot;:true,&quot;proxy&quot;:{&quot;proxyType&quot;:&quot;direct&quot;}}
[INFO  - 2014-06-21T17:35:16.721Z] SessionManagerReqHand - _postNewSessionCommand - New Session Created: 688ae6f0-f96a-11e3-a119-0f94ad4e7f32
</system-err>
  </testcase>
  <testcase time="2.925" classname="| Senhor | 2 |" name="| Senhor | 2 |"/>
  <testcase time="0.004" classname="| Anéis | 2 |" name="Dado que eu esteja na página de pesquisa de produto">
    <skipped/>
  </testcase>
  <testcase time="0.004" classname="| Anéis | 2 |" name="Dado que o filme &quot;Senhor dos Anéis - As duas Torres&quot; esteja cadastrado">
    <skipped/>
  </testcase>
  <testcase time="0.005" classname="| Anéis | 2 |" name="E que o filme &quot;Senhor dos Anéis - A sociedade do anel&quot; esteja cadastrado">
    <skipped/>
  </testcase>
  <testcase time="0.005" classname="| Anéis | 2 |" name="Quando pesquiso o filme &quot;Anéis&quot;">
    <skipped/>
  </testcase>
  <testcase time="0.005" classname="| Anéis | 2 |" name="Então visualizo &quot;2&quot; filmes no resultado da pesquisa">
    <skipped/>
  </testcase>
  <testcase time="3.453" classname="| Anéis | 2 |" name="| Anéis | 2 |">
    <skipped/>
    <system-err>21/06/2014 14:35:18 org.openqa.selenium.phantomjs.PhantomJSDriverService &lt;init&gt;
INFO: executable: c:\webdrivers\phantomjs.exe
21/06/2014 14:35:18 org.openqa.selenium.phantomjs.PhantomJSDriverService &lt;init&gt;
INFO: port: 48637
21/06/2014 14:35:18 org.openqa.selenium.phantomjs.PhantomJSDriverService &lt;init&gt;
INFO: arguments: [--webdriver=48637, --webdriver-logfile=D:\Desenvolvimento\Workspaces\RTSTreinamento\TurmaJunho\phantomjsdriver.log]
21/06/2014 14:35:18 org.openqa.selenium.phantomjs.PhantomJSDriverService &lt;init&gt;
INFO: environment: {}
PhantomJS is launching GhostDriver...
[INFO  - 2014-06-21T17:35:19.250Z] GhostDriver - Main - running on port 48637
[INFO  - 2014-06-21T17:35:20.138Z] Session [6a955cf0-f96a-11e3-bbb7-e1d01b4b2487] - page.settings - {&quot;XSSAuditingEnabled&quot;:false,&quot;javascriptCanCloseWindows&quot;:true,&quot;javascriptCanOpenWindows&quot;:true,&quot;javascriptEnabled&quot;:true,&quot;loadImages&quot;:true,&quot;localToRemoteUrlAccessEnabled&quot;:false,&quot;userAgent&quot;:&quot;Mozilla/5.0 (Windows NT 6.2; WOW64) AppleWebKit/534.34 (KHTML, like Gecko) PhantomJS/1.9.7 Safari/534.34&quot;,&quot;webSecurityEnabled&quot;:true}
[INFO  - 2014-06-21T17:35:20.139Z] Session [6a955cf0-f96a-11e3-bbb7-e1d01b4b2487] - page.customHeaders:  - {}
[INFO  - 2014-06-21T17:35:20.139Z] Session [6a955cf0-f96a-11e3-bbb7-e1d01b4b2487] - Session.negotiatedCapabilities - {&quot;browserName&quot;:&quot;phantomjs&quot;,&quot;version&quot;:&quot;1.9.7&quot;,&quot;driverName&quot;:&quot;ghostdriver&quot;,&quot;driverVersion&quot;:&quot;1.1.0&quot;,&quot;platform&quot;:&quot;windows-8-32bit&quot;,&quot;javascriptEnabled&quot;:true,&quot;takesScreenshot&quot;:true,&quot;handlesAlerts&quot;:false,&quot;databaseEnabled&quot;:false,&quot;locationContextEnabled&quot;:false,&quot;applicationCacheEnabled&quot;:false,&quot;browserConnectionEnabled&quot;:false,&quot;cssSelectorsEnabled&quot;:true,&quot;webStorageEnabled&quot;:false,&quot;rotatable&quot;:false,&quot;acceptSslCerts&quot;:false,&quot;nativeEvents&quot;:true,&quot;proxy&quot;:{&quot;proxyType&quot;:&quot;direct&quot;}}
[INFO  - 2014-06-21T17:35:20.144Z] SessionManagerReqHand - _postNewSessionCommand - New Session Created: 6a955cf0-f96a-11e3-bbb7-e1d01b4b2487
</system-err>
  </testcase>
  <testcase time="3.455" classname="| Anéis | 2 |" name="| Anéis | 2 |"/>
  <testcase time="0.002" classname="| dos | 2 |" name="Dado que eu esteja na página de pesquisa de produto">
    <skipped/>
  </testcase>
  <testcase time="0.002" classname="| dos | 2 |" name="Dado que o filme &quot;Senhor dos Anéis - As duas Torres&quot; esteja cadastrado">
    <skipped/>
  </testcase>
  <testcase time="0.003" classname="| dos | 2 |" name="E que o filme &quot;Senhor dos Anéis - A sociedade do anel&quot; esteja cadastrado">
    <skipped/>
  </testcase>
  <testcase time="0.003" classname="| dos | 2 |" name="Quando pesquiso o filme &quot;dos&quot;">
    <skipped/>
  </testcase>
  <testcase time="0.004" classname="| dos | 2 |" name="Então visualizo &quot;2&quot; filmes no resultado da pesquisa">
    <skipped/>
  </testcase>
  <testcase time="2.958" classname="| dos | 2 |" name="| dos | 2 |">
    <skipped/>
    <system-err>21/06/2014 14:35:21 org.openqa.selenium.phantomjs.PhantomJSDriverService &lt;init&gt;
INFO: executable: c:\webdrivers\phantomjs.exe
21/06/2014 14:35:21 org.openqa.selenium.phantomjs.PhantomJSDriverService &lt;init&gt;
INFO: port: 31524
21/06/2014 14:35:21 org.openqa.selenium.phantomjs.PhantomJSDriverService &lt;init&gt;
INFO: arguments: [--webdriver=31524, --webdriver-logfile=D:\Desenvolvimento\Workspaces\RTSTreinamento\TurmaJunho\phantomjsdriver.log]
21/06/2014 14:35:21 org.openqa.selenium.phantomjs.PhantomJSDriverService &lt;init&gt;
INFO: environment: {}
PhantomJS is launching GhostDriver...
[INFO  - 2014-06-21T17:35:22.998Z] GhostDriver - Main - running on port 31524
[INFO  - 2014-06-21T17:35:23.102Z] Session [6c59c940-f96a-11e3-8e3f-2535598ce46e] - page.settings - {&quot;XSSAuditingEnabled&quot;:false,&quot;javascriptCanCloseWindows&quot;:true,&quot;javascriptCanOpenWindows&quot;:true,&quot;javascriptEnabled&quot;:true,&quot;loadImages&quot;:true,&quot;localToRemoteUrlAccessEnabled&quot;:false,&quot;userAgent&quot;:&quot;Mozilla/5.0 (Windows NT 6.2; WOW64) AppleWebKit/534.34 (KHTML, like Gecko) PhantomJS/1.9.7 Safari/534.34&quot;,&quot;webSecurityEnabled&quot;:true}
[INFO  - 2014-06-21T17:35:23.102Z] Session [6c59c940-f96a-11e3-8e3f-2535598ce46e] - page.customHeaders:  - {}
[INFO  - 2014-06-21T17:35:23.102Z] Session [6c59c940-f96a-11e3-8e3f-2535598ce46e] - Session.negotiatedCapabilities - {&quot;browserName&quot;:&quot;phantomjs&quot;,&quot;version&quot;:&quot;1.9.7&quot;,&quot;driverName&quot;:&quot;ghostdriver&quot;,&quot;driverVersion&quot;:&quot;1.1.0&quot;,&quot;platform&quot;:&quot;windows-8-32bit&quot;,&quot;javascriptEnabled&quot;:true,&quot;takesScreenshot&quot;:true,&quot;handlesAlerts&quot;:false,&quot;databaseEnabled&quot;:false,&quot;locationContextEnabled&quot;:false,&quot;applicationCacheEnabled&quot;:false,&quot;browserConnectionEnabled&quot;:false,&quot;cssSelectorsEnabled&quot;:true,&quot;webStorageEnabled&quot;:false,&quot;rotatable&quot;:false,&quot;acceptSslCerts&quot;:false,&quot;nativeEvents&quot;:true,&quot;proxy&quot;:{&quot;proxyType&quot;:&quot;direct&quot;}}
[INFO  - 2014-06-21T17:35:23.108Z] SessionManagerReqHand - _postNewSessionCommand - New Session Created: 6c59c940-f96a-11e3-8e3f-2535598ce46e
</system-err>
  </testcase>
  <testcase time="2.959" classname="| dos | 2 |" name="| dos | 2 |"/>
  <testcase time="0.003" classname="| Sociedade | 1 |" name="Dado que eu esteja na página de pesquisa de produto">
    <skipped/>
  </testcase>
  <testcase time="0.003" classname="| Sociedade | 1 |" name="Dado que o filme &quot;Senhor dos Anéis - As duas Torres&quot; esteja cadastrado">
    <skipped/>
  </testcase>
  <testcase time="0.003" classname="| Sociedade | 1 |" name="E que o filme &quot;Senhor dos Anéis - A sociedade do anel&quot; esteja cadastrado">
    <skipped/>
  </testcase>
  <testcase time="0.004" classname="| Sociedade | 1 |" name="Quando pesquiso o filme &quot;Sociedade&quot;">
    <skipped/>
  </testcase>
  <testcase time="0.004" classname="| Sociedade | 1 |" name="Então visualizo &quot;1&quot; filmes no resultado da pesquisa">
    <skipped/>
  </testcase>
  <testcase time="3.321" classname="| Sociedade | 1 |" name="| Sociedade | 1 |">
    <skipped/>
    <system-err>21/06/2014 14:35:24 org.openqa.selenium.phantomjs.PhantomJSDriverService &lt;init&gt;
INFO: executable: c:\webdrivers\phantomjs.exe
21/06/2014 14:35:24 org.openqa.selenium.phantomjs.PhantomJSDriverService &lt;init&gt;
INFO: port: 21427
21/06/2014 14:35:24 org.openqa.selenium.phantomjs.PhantomJSDriverService &lt;init&gt;
INFO: arguments: [--webdriver=21427, --webdriver-logfile=D:\Desenvolvimento\Workspaces\RTSTreinamento\TurmaJunho\phantomjsdriver.log]
21/06/2014 14:35:24 org.openqa.selenium.phantomjs.PhantomJSDriverService &lt;init&gt;
INFO: environment: {}
PhantomJS is launching GhostDriver...
[INFO  - 2014-06-21T17:35:25.642Z] GhostDriver - Main - running on port 21427
[INFO  - 2014-06-21T17:35:26.552Z] Session [6e6836e0-f96a-11e3-bd43-0f9c60e33e2d] - page.settings - {&quot;XSSAuditingEnabled&quot;:false,&quot;javascriptCanCloseWindows&quot;:true,&quot;javascriptCanOpenWindows&quot;:true,&quot;javascriptEnabled&quot;:true,&quot;loadImages&quot;:true,&quot;localToRemoteUrlAccessEnabled&quot;:false,&quot;userAgent&quot;:&quot;Mozilla/5.0 (Windows NT 6.2; WOW64) AppleWebKit/534.34 (KHTML, like Gecko) PhantomJS/1.9.7 Safari/534.34&quot;,&quot;webSecurityEnabled&quot;:true}
[INFO  - 2014-06-21T17:35:26.553Z] Session [6e6836e0-f96a-11e3-bd43-0f9c60e33e2d] - page.customHeaders:  - {}
[INFO  - 2014-06-21T17:35:26.553Z] Session [6e6836e0-f96a-11e3-bd43-0f9c60e33e2d] - Session.negotiatedCapabilities - {&quot;browserName&quot;:&quot;phantomjs&quot;,&quot;version&quot;:&quot;1.9.7&quot;,&quot;driverName&quot;:&quot;ghostdriver&quot;,&quot;driverVersion&quot;:&quot;1.1.0&quot;,&quot;platform&quot;:&quot;windows-8-32bit&quot;,&quot;javascriptEnabled&quot;:true,&quot;takesScreenshot&quot;:true,&quot;handlesAlerts&quot;:false,&quot;databaseEnabled&quot;:false,&quot;locationContextEnabled&quot;:false,&quot;applicationCacheEnabled&quot;:false,&quot;browserConnectionEnabled&quot;:false,&quot;cssSelectorsEnabled&quot;:true,&quot;webStorageEnabled&quot;:false,&quot;rotatable&quot;:false,&quot;acceptSslCerts&quot;:false,&quot;nativeEvents&quot;:true,&quot;proxy&quot;:{&quot;proxyType&quot;:&quot;direct&quot;}}
[INFO  - 2014-06-21T17:35:26.558Z] SessionManagerReqHand - _postNewSessionCommand - New Session Created: 6e6836e0-f96a-11e3-bd43-0f9c60e33e2d
</system-err>
  </testcase>
  <testcase time="3.322" classname="| Sociedade | 1 |" name="| Sociedade | 1 |"/>
</testsuite>