<?xml version="1.0" encoding="UTF-8" ?>
<testsuite failures="2" time="13.226" errors="0" skipped="14" tests="22" name="rtstreinamento.turmajunho.ExcecaoRunnerTest">
  <properties>
[...]
</properties>
  <testcase time="0.005" classname="Cenário: Rejeitar cadastro email já existente" name="Dado que o eu esteja na página de newsletter"/>
  <testcase time="0.015" classname="Cenário: Rejeitar cadastro email já existente" name="E o email &quot;joao@gmail.com&quot; já esteja cadastrado">
    <skipped/>
  </testcase>
  <testcase time="0.015" classname="Cenário: Rejeitar cadastro email já existente" name="Quando tento cadastrar o email &quot;joao@gmail.com&quot; na newsletter">
    <skipped/>
  </testcase>
  <testcase time="0.015" classname="Cenário: Rejeitar cadastro email já existente" name="Então visualizo a mensagem &quot;Email já cadastrado.&quot;">
    <skipped/>
  </testcase>
  <testcase time="0.022" classname="Cenário: Rejeitar cadastro email já existente" name="Cenário: Rejeitar cadastro email já existente">
    <skipped/>
  </testcase>
  <testcase time="0.022" classname="Cenário: Rejeitar cadastro email já existente" name="Cenário: Rejeitar cadastro email já existente"/>
  <testcase time="0" classname="Cenário: Rejeitar formato de email inválido" name="Dado que o eu esteja na página de newsletter"/>
  <testcase time="0" classname="Cenário: Rejeitar formato de email inválido" name="Quando tento cadastrar o email &quot;maria.#@gmail.com&quot; na newsletter"/>
  <testcase time="0.009" classname="Cenário: Rejeitar formato de email inválido" name="Então visualizo a mensagem &quot;Email inválido.&quot;">
    <failure message="expected:&lt;[Email inválido.]&gt; but was:&lt;[]&gt;" type="org.junit.ComparisonFailure">org.junit.ComparisonFailure: expected:&lt;[Email inválido.]&gt; but was:&lt;[]&gt;
	at org.junit.Assert.assertEquals(Assert.java:115)
	at org.junit.Assert.assertEquals(Assert.java:144)
	at rtstreinamento.turmajunho.NewsletterSteps.visualizo_a_mensagem(NewsletterSteps.java:39)
	at ✽.Então visualizo a mensagem &quot;Email inválido.&quot;(rtstreinamento/turmajunho/Newsletter.feature:21)
</failure>
  </testcase>
  <testcase time="0.01" classname="Cenário: Rejeitar formato de email inválido" name="Cenário: Rejeitar formato de email inválido">
    <failure message="expected:&lt;[Email inválido.]&gt; but was:&lt;[]&gt;" type="org.junit.ComparisonFailure">org.junit.ComparisonFailure: expected:&lt;[Email inválido.]&gt; but was:&lt;[]&gt;
	at org.junit.Assert.assertEquals(Assert.java:115)
	at org.junit.Assert.assertEquals(Assert.java:144)
	at rtstreinamento.turmajunho.NewsletterSteps.visualizo_a_mensagem(NewsletterSteps.java:39)
	at ✽.Então visualizo a mensagem &quot;Email inválido.&quot;(rtstreinamento/turmajunho/Newsletter.feature:21)
</failure>
  </testcase>
  <testcase time="0.005" classname="Cenário: Pesquisar produto inexistente" name="Dado que eu esteja na página de pesquisa de produto">
    <skipped/>
  </testcase>
  <testcase time="0.005" classname="Cenário: Pesquisar produto inexistente" name="Dado que o filme &quot;O espetacular homem aranha 2&quot; não esteja cadastrado">
    <skipped/>
  </testcase>
  <testcase time="0.006" classname="Cenário: Pesquisar produto inexistente" name="Quando pesquiso o filme &quot;O espetacular homem aranha 2&quot;">
    <skipped/>
  </testcase>
  <testcase time="0.006" classname="Cenário: Pesquisar produto inexistente" name="Então visualizo a mensagem Produto não cadastrado">
    <skipped/>
  </testcase>
  <testcase time="3.58" classname="Cenário: Pesquisar produto inexistente" name="Cenário: Pesquisar produto inexistente">
    <skipped/>
    <system-err>21/06/2014 14:34:54 org.openqa.selenium.phantomjs.PhantomJSDriverService &lt;init&gt;
INFO: executable: c:\webdrivers\phantomjs.exe
21/06/2014 14:34:54 org.openqa.selenium.phantomjs.PhantomJSDriverService &lt;init&gt;
INFO: port: 44972
21/06/2014 14:34:54 org.openqa.selenium.phantomjs.PhantomJSDriverService &lt;init&gt;
INFO: arguments: [--webdriver=44972, --webdriver-logfile=D:\Desenvolvimento\Workspaces\RTSTreinamento\TurmaJunho\phantomjsdriver.log]
21/06/2014 14:34:54 org.openqa.selenium.phantomjs.PhantomJSDriverService &lt;init&gt;
INFO: environment: {}
PhantomJS is launching GhostDriver...
[INFO  - 2014-06-21T17:34:55.866Z] GhostDriver - Main - running on port 44972
[INFO  - 2014-06-21T17:34:56.664Z] Session [5c97aae0-f96a-11e3-ac2f-8153e16fd0a9] - page.settings - {&quot;XSSAuditingEnabled&quot;:false,&quot;javascriptCanCloseWindows&quot;:true,&quot;javascriptCanOpenWindows&quot;:true,&quot;javascriptEnabled&quot;:true,&quot;loadImages&quot;:true,&quot;localToRemoteUrlAccessEnabled&quot;:false,&quot;userAgent&quot;:&quot;Mozilla/5.0 (Windows NT 6.2; WOW64) AppleWebKit/534.34 (KHTML, like Gecko) PhantomJS/1.9.7 Safari/534.34&quot;,&quot;webSecurityEnabled&quot;:true}
[INFO  - 2014-06-21T17:34:56.664Z] Session [5c97aae0-f96a-11e3-ac2f-8153e16fd0a9] - page.customHeaders:  - {}
[INFO  - 2014-06-21T17:34:56.664Z] Session [5c97aae0-f96a-11e3-ac2f-8153e16fd0a9] - Session.negotiatedCapabilities - {&quot;browserName&quot;:&quot;phantomjs&quot;,&quot;version&quot;:&quot;1.9.7&quot;,&quot;driverName&quot;:&quot;ghostdriver&quot;,&quot;driverVersion&quot;:&quot;1.1.0&quot;,&quot;platform&quot;:&quot;windows-8-32bit&quot;,&quot;javascriptEnabled&quot;:true,&quot;takesScreenshot&quot;:true,&quot;handlesAlerts&quot;:false,&quot;databaseEnabled&quot;:false,&quot;locationContextEnabled&quot;:false,&quot;applicationCacheEnabled&quot;:false,&quot;browserConnectionEnabled&quot;:false,&quot;cssSelectorsEnabled&quot;:true,&quot;webStorageEnabled&quot;:false,&quot;rotatable&quot;:false,&quot;acceptSslCerts&quot;:false,&quot;nativeEvents&quot;:true,&quot;proxy&quot;:{&quot;proxyType&quot;:&quot;direct&quot;}}
[INFO  - 2014-06-21T17:34:56.669Z] SessionManagerReqHand - _postNewSessionCommand - New Session Created: 5c97aae0-f96a-11e3-ac2f-8153e16fd0a9
</system-err>
  </testcase>
  <testcase time="3.582" classname="Cenário: Pesquisar produto inexistente" name="Cenário: Pesquisar produto inexistente"/>
  <testcase time="0.003" classname="Cenário: Pesquisar sem informar o nome do produto" name="Dado que eu esteja na página de pesquisa de produto">
    <skipped/>
  </testcase>
  <testcase time="0.003" classname="Cenário: Pesquisar sem informar o nome do produto" name="Dado que existam filmes cadastrados">
    <skipped/>
  </testcase>
  <testcase time="0.004" classname="Cenário: Pesquisar sem informar o nome do produto" name="Quando pesquiso o filme sem informar o nome">
    <skipped/>
  </testcase>
  <testcase time="0.004" classname="Cenário: Pesquisar sem informar o nome do produto" name="Então visualizo todos os produtos cadastrados">
    <skipped/>
  </testcase>
  <testcase time="2.957" classname="Cenário: Pesquisar sem informar o nome do produto" name="Cenário: Pesquisar sem informar o nome do produto">
    <skipped/>
    <system-err>21/06/2014 14:34:58 org.openqa.selenium.phantomjs.PhantomJSDriverService &lt;init&gt;
INFO: executable: c:\webdrivers\phantomjs.exe
21/06/2014 14:34:58 org.openqa.selenium.phantomjs.PhantomJSDriverService &lt;init&gt;
INFO: port: 35850
21/06/2014 14:34:58 org.openqa.selenium.phantomjs.PhantomJSDriverService &lt;init&gt;
INFO: arguments: [--webdriver=35850, --webdriver-logfile=D:\Desenvolvimento\Workspaces\RTSTreinamento\TurmaJunho\phantomjsdriver.log]
21/06/2014 14:34:58 org.openqa.selenium.phantomjs.PhantomJSDriverService &lt;init&gt;
INFO: environment: {}
PhantomJS is launching GhostDriver...
[INFO  - 2014-06-21T17:34:59.465Z] GhostDriver - Main - running on port 35850
[INFO  - 2014-06-21T17:34:59.749Z] Session [5e6df180-f96a-11e3-aa52-af58f2f6b4e3] - page.settings - {&quot;XSSAuditingEnabled&quot;:false,&quot;javascriptCanCloseWindows&quot;:true,&quot;javascriptCanOpenWindows&quot;:true,&quot;javascriptEnabled&quot;:true,&quot;loadImages&quot;:true,&quot;localToRemoteUrlAccessEnabled&quot;:false,&quot;userAgent&quot;:&quot;Mozilla/5.0 (Windows NT 6.2; WOW64) AppleWebKit/534.34 (KHTML, like Gecko) PhantomJS/1.9.7 Safari/534.34&quot;,&quot;webSecurityEnabled&quot;:true}
[INFO  - 2014-06-21T17:34:59.749Z] Session [5e6df180-f96a-11e3-aa52-af58f2f6b4e3] - page.customHeaders:  - {}
[INFO  - 2014-06-21T17:34:59.749Z] Session [5e6df180-f96a-11e3-aa52-af58f2f6b4e3] - Session.negotiatedCapabilities - {&quot;browserName&quot;:&quot;phantomjs&quot;,&quot;version&quot;:&quot;1.9.7&quot;,&quot;driverName&quot;:&quot;ghostdriver&quot;,&quot;driverVersion&quot;:&quot;1.1.0&quot;,&quot;platform&quot;:&quot;windows-8-32bit&quot;,&quot;javascriptEnabled&quot;:true,&quot;takesScreenshot&quot;:true,&quot;handlesAlerts&quot;:false,&quot;databaseEnabled&quot;:false,&quot;locationContextEnabled&quot;:false,&quot;applicationCacheEnabled&quot;:false,&quot;browserConnectionEnabled&quot;:false,&quot;cssSelectorsEnabled&quot;:true,&quot;webStorageEnabled&quot;:false,&quot;rotatable&quot;:false,&quot;acceptSslCerts&quot;:false,&quot;nativeEvents&quot;:true,&quot;proxy&quot;:{&quot;proxyType&quot;:&quot;direct&quot;}}
[INFO  - 2014-06-21T17:34:59.756Z] SessionManagerReqHand - _postNewSessionCommand - New Session Created: 5e6df180-f96a-11e3-aa52-af58f2f6b4e3
</system-err>
  </testcase>
  <testcase time="2.958" classname="Cenário: Pesquisar sem informar o nome do produto" name="Cenário: Pesquisar sem informar o nome do produto"/>
</testsuite>