<?xml version="1.0" encoding="UTF-8" ?>
<testsuite failures="0" time="0.01" errors="0" skipped="0" tests="4" name="rtstreinamento.turmajunho.ExecucaoUnicaRunnerTest">
  <properties>
[...]
</properties>
  <testcase time="0.003" classname="Cenário: Cadastrar um email valido" name="Dado que o eu esteja na página de newsletter"/>
  <testcase time="0" classname="Cenário: Cadastrar um email valido" name="Quando tento cadastrar o email &quot;joao210620141040@gmail.com&quot; na newsletter"/>
  <testcase time="0" classname="Cenário: Cadastrar um email valido" name="Então visualizo a mensagem &quot;Seu cadastro foi realizado com sucesso em nossa newsletter.&quot;"/>
  <testcase time="0.007" classname="Cenário: Cadastrar um email valido" name="Cenário: Cadastrar um email valido"/>
</testsuite>