<?xml version="1.0" encoding="UTF-8" ?>
<testsuite failures="0" time="0.001" errors="0" skipped="0" tests="6" name="rtstreinamento.turmajunho.LoginTest">
  <properties>
[...]
</properties>
  <testcase time="0.001" classname="rtstreinamento.turmajunho.LoginTest" name="efetuarLoginComSucesso"/>
  <testcase time="0" classname="rtstreinamento.turmajunho.LoginTest" name="naoEfeturarLoginComSenhaComTamanhoMenor8Caracteres"/>
  <testcase time="0" classname="rtstreinamento.turmajunho.LoginTest" name="naoEfeturarLoginComSenhaComTamanhoMaior10Caracteres"/>
  <testcase time="0" classname="rtstreinamento.turmajunho.LoginTest" name="naoEfetuarLoginComSenhaInvalida"/>
  <testcase time="0" classname="rtstreinamento.turmajunho.LoginTest" name="naoEfetuarLoginComEmailInexistente"/>
  <testcase time="0" classname="rtstreinamento.turmajunho.LoginTest" name="naoEfetuarLoginComEmailVazio"/>
</testsuite>